2011/07/30 10:57:55 [error] [exception.CException] exception 'CException' with message 'CAssetManager.basePath "D:\www\web\assets" is invalid. Please make sure the directory exists and is writable by the Web server process.' in D:\www\yii\framework\web\CAssetManager.php:112
Stack trace:
#0 D:\www\yii\framework\web\CAssetManager.php(97): CAssetManager->setBasePath('D:\www\web\asse...')
#1 D:\www\yii\framework\web\CAssetManager.php(207): CAssetManager->getBasePath()
#2 D:\www\yii\framework\web\CClientScript.php(453): CAssetManager->publish('D:\www\yii\fram...')
#3 D:\www\yii\framework\web\CClientScript.php(490): CClientScript->getCoreScriptUrl()
#4 D:\www\yii\framework\web\CClientScript.php(306): CClientScript->getPackageBaseUrl('jquery')
#5 D:\www\yii\framework\web\CClientScript.php(197): CClientScript->renderCoreScripts()
#6 D:\www\yii\framework\web\CController.php(343): CClientScript->render('<!DOCTYPE html ...')
#7 D:\www\yii\framework\web\CController.php(785): CController->processOutput('<!DOCTYPE html ...')
#8 D:\www\web\protected\controllers\SiteController.php(66): CController->render('contact', Array)
#9 D:\www\yii\framework\web\actions\CInlineAction.php(50): SiteController->actionContact()
#10 D:\www\yii\framework\web\CController.php(300): CInlineAction->runWithParams(Array)
#11 D:\www\yii\framework\web\CController.php(278): CController->runAction(Object(CInlineAction))
#12 D:\www\yii\framework\web\CController.php(257): CController->runActionWithFilters(Object(CInlineAction), Array)
#13 D:\www\yii\framework\web\CWebApplication.php(277): CController->run('contact')
#14 D:\www\yii\framework\web\CWebApplication.php(136): CWebApplication->runController('site/contact')
#15 D:\www\yii\framework\base\CApplication.php(158): CWebApplication->processRequest()
#16 D:\www\web\index.php(13): CApplication->run()
#17 {main} REQUEST_URI=/web/index.php?r=site/contact
2011/07/30 10:58:09 [error] [exception.CException] exception 'CException' with message 'CAssetManager.basePath "D:\www\web\assets" is invalid. Please make sure the directory exists and is writable by the Web server process.' in D:\www\yii\framework\web\CAssetManager.php:112
Stack trace:
#0 D:\www\yii\framework\web\CAssetManager.php(97): CAssetManager->setBasePath('D:\www\web\asse...')
#1 D:\www\yii\framework\web\CAssetManager.php(207): CAssetManager->getBasePath()
#2 D:\www\yii\framework\web\CClientScript.php(453): CAssetManager->publish('D:\www\yii\fram...')
#3 D:\www\yii\framework\web\CClientScript.php(490): CClientScript->getCoreScriptUrl()
#4 D:\www\yii\framework\web\CClientScript.php(306): CClientScript->getPackageBaseUrl('jquery')
#5 D:\www\yii\framework\web\CClientScript.php(197): CClientScript->renderCoreScripts()
#6 D:\www\yii\framework\web\CController.php(343): CClientScript->render('<!DOCTYPE html ...')
#7 D:\www\yii\framework\web\CController.php(785): CController->processOutput('<!DOCTYPE html ...')
#8 D:\www\web\protected\controllers\SiteController.php(66): CController->render('contact', Array)
#9 D:\www\yii\framework\web\actions\CInlineAction.php(50): SiteController->actionContact()
#10 D:\www\yii\framework\web\CController.php(300): CInlineAction->runWithParams(Array)
#11 D:\www\yii\framework\web\CController.php(278): CController->runAction(Object(CInlineAction))
#12 D:\www\yii\framework\web\CController.php(257): CController->runActionWithFilters(Object(CInlineAction), Array)
#13 D:\www\yii\framework\web\CWebApplication.php(277): CController->run('contact')
#14 D:\www\yii\framework\web\CWebApplication.php(136): CWebApplication->runController('site/contact')
#15 D:\www\yii\framework\base\CApplication.php(158): CWebApplication->processRequest()
#16 D:\www\web\index.php(13): CApplication->run()
#17 {main} REQUEST_URI=/web/index.php?r=site/contact
2011/07/30 10:58:12 [error] [exception.CException] exception 'CException' with message 'CAssetManager.basePath "D:\www\web\assets" is invalid. Please make sure the directory exists and is writable by the Web server process.' in D:\www\yii\framework\web\CAssetManager.php:112
Stack trace:
#0 D:\www\yii\framework\web\CAssetManager.php(97): CAssetManager->setBasePath('D:\www\web\asse...')
#1 D:\www\yii\framework\web\CAssetManager.php(207): CAssetManager->getBasePath()
#2 D:\www\yii\framework\web\CClientScript.php(453): CAssetManager->publish('D:\www\yii\fram...')
#3 D:\www\yii\framework\web\CClientScript.php(490): CClientScript->getCoreScriptUrl()
#4 D:\www\yii\framework\web\CClientScript.php(306): CClientScript->getPackageBaseUrl('jquery')
#5 D:\www\yii\framework\web\CClientScript.php(197): CClientScript->renderCoreScripts()
#6 D:\www\yii\framework\web\CController.php(343): CClientScript->render('<!DOCTYPE html ...')
#7 D:\www\yii\framework\web\CController.php(785): CController->processOutput('<!DOCTYPE html ...')
#8 D:\www\web\protected\controllers\SiteController.php(66): CController->render('contact', Array)
#9 D:\www\yii\framework\web\actions\CInlineAction.php(50): SiteController->actionContact()
#10 D:\www\yii\framework\web\CController.php(300): CInlineAction->runWithParams(Array)
#11 D:\www\yii\framework\web\CController.php(278): CController->runAction(Object(CInlineAction))
#12 D:\www\yii\framework\web\CController.php(257): CController->runActionWithFilters(Object(CInlineAction), Array)
#13 D:\www\yii\framework\web\CWebApplication.php(277): CController->run('contact')
#14 D:\www\yii\framework\web\CWebApplication.php(136): CWebApplication->runController('site/contact')
#15 D:\www\yii\framework\base\CApplication.php(158): CWebApplication->processRequest()
#16 D:\www\web\index.php(13): CApplication->run()
#17 {main} REQUEST_URI=/web/index.php?r=site/contact
2011/07/30 10:58:19 [error] [exception.CException] exception 'CException' with message 'CAssetManager.basePath "D:\www\web\assets" is invalid. Please make sure the directory exists and is writable by the Web server process.' in D:\www\yii\framework\web\CAssetManager.php:112
Stack trace:
#0 D:\www\yii\framework\web\CAssetManager.php(97): CAssetManager->setBasePath('D:\www\web\asse...')
#1 D:\www\yii\framework\web\CAssetManager.php(207): CAssetManager->getBasePath()
#2 D:\www\yii\framework\web\CClientScript.php(453): CAssetManager->publish('D:\www\yii\fram...')
#3 D:\www\yii\framework\web\CClientScript.php(490): CClientScript->getCoreScriptUrl()
#4 D:\www\yii\framework\web\CClientScript.php(306): CClientScript->getPackageBaseUrl('jquery')
#5 D:\www\yii\framework\web\CClientScript.php(197): CClientScript->renderCoreScripts()
#6 D:\www\yii\framework\web\CController.php(343): CClientScript->render('<!DOCTYPE html ...')
#7 D:\www\yii\framework\web\CController.php(785): CController->processOutput('<!DOCTYPE html ...')
#8 D:\www\web\protected\controllers\SiteController.php(66): CController->render('contact', Array)
#9 D:\www\yii\framework\web\actions\CInlineAction.php(50): SiteController->actionContact()
#10 D:\www\yii\framework\web\CController.php(300): CInlineAction->runWithParams(Array)
#11 D:\www\yii\framework\web\CController.php(278): CController->runAction(Object(CInlineAction))
#12 D:\www\yii\framework\web\CController.php(257): CController->runActionWithFilters(Object(CInlineAction), Array)
#13 D:\www\yii\framework\web\CWebApplication.php(277): CController->run('contact')
#14 D:\www\yii\framework\web\CWebApplication.php(136): CWebApplication->runController('site/contact')
#15 D:\www\yii\framework\base\CApplication.php(158): CWebApplication->processRequest()
#16 D:\www\web\index.php(13): CApplication->run()
#17 {main} REQUEST_URI=/web/index.php?r=site/contact
2011/09/24 23:10:20 [error] [exception.CHttpException.404] exception 'CHttpException' with message 'The system is unable to find the requested action "index'dhlfh".' in D:\www\yii\framework\web\CController.php:477
Stack trace:
#0 D:\www\yii\framework\web\CController.php(262): CController->missingAction('index'dhlfh')
#1 D:\www\yii\framework\web\CWebApplication.php(277): CController->run('index'dhlfh')
#2 D:\www\yii\framework\web\CWebApplication.php(136): CWebApplication->runController('site/index'dhlf...')
#3 D:\www\yii\framework\base\CApplication.php(158): CWebApplication->processRequest()
#4 D:\www\web\index.php(13): CApplication->run()
#5 {main} REQUEST_URI=/web/index.php?r=site/index'dhlfh
2011/09/25 01:04:13 [error] [exception.CHttpException.404] exception 'CHttpException' with message 'Unable to resolve the request "music/index".' in D:\www\yii\framework\web\CWebApplication.php:281
Stack trace:
#0 D:\www\yii\framework\web\CWebApplication.php(136): CWebApplication->runController('music/index')
#1 D:\www\yii\framework\base\CApplication.php(158): CWebApplication->processRequest()
#2 D:\www\web\index.php(13): CApplication->run()
#3 {main} REQUEST_URI=/web/index.php?r=music/index
2011/09/25 01:04:18 [error] [exception.CHttpException.404] exception 'CHttpException' with message 'Unable to resolve the request "gii/index".' in D:\www\yii\framework\web\CWebApplication.php:281
Stack trace:
#0 D:\www\yii\framework\web\CWebApplication.php(136): CWebApplication->runController('gii/index')
#1 D:\www\yii\framework\base\CApplication.php(158): CWebApplication->processRequest()
#2 D:\www\web\index.php(13): CApplication->run()
#3 {main} REQUEST_URI=/web/index.php?r=gii/index
2011/09/25 01:04:33 [error] [exception.CHttpException.404] exception 'CHttpException' with message 'Unable to resolve the request "music/index".' in D:\www\yii\framework\web\CWebApplication.php:281
Stack trace:
#0 D:\www\yii\framework\web\CWebApplication.php(136): CWebApplication->runController('music/index')
#1 D:\www\yii\framework\base\CApplication.php(158): CWebApplication->processRequest()
#2 D:\www\web\index.php(13): CApplication->run()
#3 {main} REQUEST_URI=/web/index.php?r=music/index
2011/09/25 01:04:36 [error] [exception.CHttpException.404] exception 'CHttpException' with message 'Unable to resolve the request "music".' in D:\www\yii\framework\web\CWebApplication.php:281
Stack trace:
#0 D:\www\yii\framework\web\CWebApplication.php(136): CWebApplication->runController('music')
#1 D:\www\yii\framework\base\CApplication.php(158): CWebApplication->processRequest()
#2 D:\www\web\index.php(13): CApplication->run()
#3 {main} REQUEST_URI=/web/index.php?r=music
