2011/07/30 10:57:55 [error] [exception.CException] exception 'CException' with message 'CAssetManager.basePath "D:\www\web\assets" is invalid. Please make sure the directory exists and is writable by the Web server process.' in D:\www\yii\framework\web\CAssetManager.php:112
Stack trace:
#0 D:\www\yii\framework\web\CAssetManager.php(97): CAssetManager->setBasePath('D:\www\web\asse...')
#1 D:\www\yii\framework\web\CAssetManager.php(207): CAssetManager->getBasePath()
#2 D:\www\yii\framework\web\CClientScript.php(453): CAssetManager->publish('D:\www\yii\fram...')
#3 D:\www\yii\framework\web\CClientScript.php(490): CClientScript->getCoreScriptUrl()
#4 D:\www\yii\framework\web\CClientScript.php(306): CClientScript->getPackageBaseUrl('jquery')
#5 D:\www\yii\framework\web\CClientScript.php(197): CClientScript->renderCoreScripts()
#6 D:\www\yii\framework\web\CController.php(343): CClientScript->render('<!DOCTYPE html ...')
#7 D:\www\yii\framework\web\CController.php(785): CController->processOutput('<!DOCTYPE html ...')
#8 D:\www\web\protected\controllers\SiteController.php(66): CController->render('contact', Array)
#9 D:\www\yii\framework\web\actions\CInlineAction.php(50): SiteController->actionContact()
#10 D:\www\yii\framework\web\CController.php(300): CInlineAction->runWithParams(Array)
#11 D:\www\yii\framework\web\CController.php(278): CController->runAction(Object(CInlineAction))
#12 D:\www\yii\framework\web\CController.php(257): CController->runActionWithFilters(Object(CInlineAction), Array)
#13 D:\www\yii\framework\web\CWebApplication.php(277): CController->run('contact')
#14 D:\www\yii\framework\web\CWebApplication.php(136): CWebApplication->runController('site/contact')
#15 D:\www\yii\framework\base\CApplication.php(158): CWebApplication->processRequest()
#16 D:\www\web\index.php(13): CApplication->run()
#17 {main} REQUEST_URI=/web/index.php?r=site/contact
2011/07/30 10:58:09 [error] [exception.CException] exception 'CException' with message 'CAssetManager.basePath "D:\www\web\assets" is invalid. Please make sure the directory exists and is writable by the Web server process.' in D:\www\yii\framework\web\CAssetManager.php:112
Stack trace:
#0 D:\www\yii\framework\web\CAssetManager.php(97): CAssetManager->setBasePath('D:\www\web\asse...')
#1 D:\www\yii\framework\web\CAssetManager.php(207): CAssetManager->getBasePath()
#2 D:\www\yii\framework\web\CClientScript.php(453): CAssetManager->publish('D:\www\yii\fram...')
#3 D:\www\yii\framework\web\CClientScript.php(490): CClientScript->getCoreScriptUrl()
#4 D:\www\yii\framework\web\CClientScript.php(306): CClientScript->getPackageBaseUrl('jquery')
#5 D:\www\yii\framework\web\CClientScript.php(197): CClientScript->renderCoreScripts()
#6 D:\www\yii\framework\web\CController.php(343): CClientScript->render('<!DOCTYPE html ...')
#7 D:\www\yii\framework\web\CController.php(785): CController->processOutput('<!DOCTYPE html ...')
#8 D:\www\web\protected\controllers\SiteController.php(66): CController->render('contact', Array)
#9 D:\www\yii\framework\web\actions\CInlineAction.php(50): SiteController->actionContact()
#10 D:\www\yii\framework\web\CController.php(300): CInlineAction->runWithParams(Array)
#11 D:\www\yii\framework\web\CController.php(278): CController->runAction(Object(CInlineAction))
#12 D:\www\yii\framework\web\CController.php(257): CController->runActionWithFilters(Object(CInlineAction), Array)
#13 D:\www\yii\framework\web\CWebApplication.php(277): CController->run('contact')
#14 D:\www\yii\framework\web\CWebApplication.php(136): CWebApplication->runController('site/contact')
#15 D:\www\yii\framework\base\CApplication.php(158): CWebApplication->processRequest()
#16 D:\www\web\index.php(13): CApplication->run()
#17 {main} REQUEST_URI=/web/index.php?r=site/contact
2011/07/30 10:58:12 [error] [exception.CException] exception 'CException' with message 'CAssetManager.basePath "D:\www\web\assets" is invalid. Please make sure the directory exists and is writable by the Web server process.' in D:\www\yii\framework\web\CAssetManager.php:112
Stack trace:
#0 D:\www\yii\framework\web\CAssetManager.php(97): CAssetManager->setBasePath('D:\www\web\asse...')
#1 D:\www\yii\framework\web\CAssetManager.php(207): CAssetManager->getBasePath()
#2 D:\www\yii\framework\web\CClientScript.php(453): CAssetManager->publish('D:\www\yii\fram...')
#3 D:\www\yii\framework\web\CClientScript.php(490): CClientScript->getCoreScriptUrl()
#4 D:\www\yii\framework\web\CClientScript.php(306): CClientScript->getPackageBaseUrl('jquery')
#5 D:\www\yii\framework\web\CClientScript.php(197): CClientScript->renderCoreScripts()
#6 D:\www\yii\framework\web\CController.php(343): CClientScript->render('<!DOCTYPE html ...')
#7 D:\www\yii\framework\web\CController.php(785): CController->processOutput('<!DOCTYPE html ...')
#8 D:\www\web\protected\controllers\SiteController.php(66): CController->render('contact', Array)
#9 D:\www\yii\framework\web\actions\CInlineAction.php(50): SiteController->actionContact()
#10 D:\www\yii\framework\web\CController.php(300): CInlineAction->runWithParams(Array)
#11 D:\www\yii\framework\web\CController.php(278): CController->runAction(Object(CInlineAction))
#12 D:\www\yii\framework\web\CController.php(257): CController->runActionWithFilters(Object(CInlineAction), Array)
#13 D:\www\yii\framework\web\CWebApplication.php(277): CController->run('contact')
#14 D:\www\yii\framework\web\CWebApplication.php(136): CWebApplication->runController('site/contact')
#15 D:\www\yii\framework\base\CApplication.php(158): CWebApplication->processRequest()
#16 D:\www\web\index.php(13): CApplication->run()
#17 {main} REQUEST_URI=/web/index.php?r=site/contact
2011/07/30 10:58:19 [error] [exception.CException] exception 'CException' with message 'CAssetManager.basePath "D:\www\web\assets" is invalid. Please make sure the directory exists and is writable by the Web server process.' in D:\www\yii\framework\web\CAssetManager.php:112
Stack trace:
#0 D:\www\yii\framework\web\CAssetManager.php(97): CAssetManager->setBasePath('D:\www\web\asse...')
#1 D:\www\yii\framework\web\CAssetManager.php(207): CAssetManager->getBasePath()
#2 D:\www\yii\framework\web\CClientScript.php(453): CAssetManager->publish('D:\www\yii\fram...')
#3 D:\www\yii\framework\web\CClientScript.php(490): CClientScript->getCoreScriptUrl()
#4 D:\www\yii\framework\web\CClientScript.php(306): CClientScript->getPackageBaseUrl('jquery')
#5 D:\www\yii\framework\web\CClientScript.php(197): CClientScript->renderCoreScripts()
#6 D:\www\yii\framework\web\CController.php(343): CClientScript->render('<!DOCTYPE html ...')
#7 D:\www\yii\framework\web\CController.php(785): CController->processOutput('<!DOCTYPE html ...')
#8 D:\www\web\protected\controllers\SiteController.php(66): CController->render('contact', Array)
#9 D:\www\yii\framework\web\actions\CInlineAction.php(50): SiteController->actionContact()
#10 D:\www\yii\framework\web\CController.php(300): CInlineAction->runWithParams(Array)
#11 D:\www\yii\framework\web\CController.php(278): CController->runAction(Object(CInlineAction))
#12 D:\www\yii\framework\web\CController.php(257): CController->runActionWithFilters(Object(CInlineAction), Array)
#13 D:\www\yii\framework\web\CWebApplication.php(277): CController->run('contact')
#14 D:\www\yii\framework\web\CWebApplication.php(136): CWebApplication->runController('site/contact')
#15 D:\www\yii\framework\base\CApplication.php(158): CWebApplication->processRequest()
#16 D:\www\web\index.php(13): CApplication->run()
#17 {main} REQUEST_URI=/web/index.php?r=site/contact
2011/09/24 23:10:20 [error] [exception.CHttpException.404] exception 'CHttpException' with message 'The system is unable to find the requested action "index'dhlfh".' in D:\www\yii\framework\web\CController.php:477
Stack trace:
#0 D:\www\yii\framework\web\CController.php(262): CController->missingAction('index'dhlfh')
#1 D:\www\yii\framework\web\CWebApplication.php(277): CController->run('index'dhlfh')
#2 D:\www\yii\framework\web\CWebApplication.php(136): CWebApplication->runController('site/index'dhlf...')
#3 D:\www\yii\framework\base\CApplication.php(158): CWebApplication->processRequest()
#4 D:\www\web\index.php(13): CApplication->run()
#5 {main} REQUEST_URI=/web/index.php?r=site/index'dhlfh
2011/09/25 01:04:13 [error] [exception.CHttpException.404] exception 'CHttpException' with message 'Unable to resolve the request "music/index".' in D:\www\yii\framework\web\CWebApplication.php:281
Stack trace:
#0 D:\www\yii\framework\web\CWebApplication.php(136): CWebApplication->runController('music/index')
#1 D:\www\yii\framework\base\CApplication.php(158): CWebApplication->processRequest()
#2 D:\www\web\index.php(13): CApplication->run()
#3 {main} REQUEST_URI=/web/index.php?r=music/index
2011/09/25 01:04:18 [error] [exception.CHttpException.404] exception 'CHttpException' with message 'Unable to resolve the request "gii/index".' in D:\www\yii\framework\web\CWebApplication.php:281
Stack trace:
#0 D:\www\yii\framework\web\CWebApplication.php(136): CWebApplication->runController('gii/index')
#1 D:\www\yii\framework\base\CApplication.php(158): CWebApplication->processRequest()
#2 D:\www\web\index.php(13): CApplication->run()
#3 {main} REQUEST_URI=/web/index.php?r=gii/index
2011/09/25 01:04:33 [error] [exception.CHttpException.404] exception 'CHttpException' with message 'Unable to resolve the request "music/index".' in D:\www\yii\framework\web\CWebApplication.php:281
Stack trace:
#0 D:\www\yii\framework\web\CWebApplication.php(136): CWebApplication->runController('music/index')
#1 D:\www\yii\framework\base\CApplication.php(158): CWebApplication->processRequest()
#2 D:\www\web\index.php(13): CApplication->run()
#3 {main} REQUEST_URI=/web/index.php?r=music/index
2011/09/25 01:04:36 [error] [exception.CHttpException.404] exception 'CHttpException' with message 'Unable to resolve the request "music".' in D:\www\yii\framework\web\CWebApplication.php:281
Stack trace:
#0 D:\www\yii\framework\web\CWebApplication.php(136): CWebApplication->runController('music')
#1 D:\www\yii\framework\base\CApplication.php(158): CWebApplication->processRequest()
#2 D:\www\web\index.php(13): CApplication->run()
#3 {main} REQUEST_URI=/web/index.php?r=music
2011/09/25 01:40:46 [error] [php] opendir(D:\www\web\protected\modules\admin\modules\view\,D:\www\web\protected\modules\admin\modules\view\): The system cannot find the path specified. (code: 3) (D:\www\yii\framework\utils\CFileHelper.php:160)
Stack trace:
#0 D:\www\web\protected\modules\admin\controllers\DefaultController.php(9): findFiles()
#1 D:\www\yii\framework\web\actions\CInlineAction.php(50): DefaultController->actionIndex()
#2 D:\www\yii\framework\web\CController.php(300): CInlineAction->runWithParams()
#3 D:\www\yii\framework\web\CController.php(278): DefaultController->runAction()
#4 D:\www\yii\framework\web\CController.php(257): DefaultController->runActionWithFilters()
#5 D:\www\yii\framework\web\CWebApplication.php(277): DefaultController->run()
#6 D:\www\yii\framework\web\CWebApplication.php(136): CWebApplication->runController()
#7 D:\www\yii\framework\base\CApplication.php(158): CWebApplication->processRequest()
#8 D:\www\web\index.php(13): CWebApplication->run()
REQUEST_URI=/web/index.php?r=admin/default/index
in D:\www\web\protected\modules\admin\controllers\DefaultController.php (9)
in D:\www\web\index.php (13)
2011/09/25 01:42:03 [error] [php] opendir(D:\www\web\protected\modules\admin\modules,D:\www\web\protected\modules\admin\modules): The system cannot find the file specified. (code: 2) (D:\www\yii\framework\utils\CFileHelper.php:160)
Stack trace:
#0 D:\www\web\protected\modules\admin\controllers\DefaultController.php(9): findFiles()
#1 D:\www\yii\framework\web\actions\CInlineAction.php(50): DefaultController->actionIndex()
#2 D:\www\yii\framework\web\CController.php(300): CInlineAction->runWithParams()
#3 D:\www\yii\framework\web\CController.php(278): DefaultController->runAction()
#4 D:\www\yii\framework\web\CController.php(257): DefaultController->runActionWithFilters()
#5 D:\www\yii\framework\web\CWebApplication.php(277): DefaultController->run()
#6 D:\www\yii\framework\web\CWebApplication.php(136): CWebApplication->runController()
#7 D:\www\yii\framework\base\CApplication.php(158): CWebApplication->processRequest()
#8 D:\www\web\index.php(13): CWebApplication->run()
REQUEST_URI=/web/index.php?r=admin/default/index
in D:\www\web\protected\modules\admin\controllers\DefaultController.php (9)
in D:\www\web\index.php (13)
2011/09/25 01:42:48 [error] [php] opendir(D:\www\web\protected\modules\admin\modules\view\,D:\www\web\protected\modules\admin\modules\view\): The system cannot find the path specified. (code: 3) (D:\www\yii\framework\utils\CFileHelper.php:160)
Stack trace:
#0 D:\www\web\protected\modules\admin\controllers\DefaultController.php(9): findFiles()
#1 D:\www\yii\framework\web\actions\CInlineAction.php(50): DefaultController->actionIndex()
#2 D:\www\yii\framework\web\CController.php(300): CInlineAction->runWithParams()
#3 D:\www\yii\framework\web\CController.php(278): DefaultController->runAction()
#4 D:\www\yii\framework\web\CController.php(257): DefaultController->runActionWithFilters()
#5 D:\www\yii\framework\web\CWebApplication.php(277): DefaultController->run()
#6 D:\www\yii\framework\web\CWebApplication.php(136): CWebApplication->runController()
#7 D:\www\yii\framework\base\CApplication.php(158): CWebApplication->processRequest()
#8 D:\www\web\index.php(13): CWebApplication->run()
REQUEST_URI=/web/index.php?r=admin/default/index
in D:\www\web\protected\modules\admin\controllers\DefaultController.php (9)
in D:\www\web\index.php (13)
2011/09/25 01:44:53 [error] [php] opendir(D:\www\web\protected\modules\admin\modules\views\,D:\www\web\protected\modules\admin\modules\views\): The system cannot find the path specified. (code: 3) (D:\www\yii\framework\utils\CFileHelper.php:160)
Stack trace:
#0 D:\www\web\protected\modules\admin\controllers\DefaultController.php(9): findFiles()
#1 D:\www\yii\framework\web\actions\CInlineAction.php(50): DefaultController->actionIndex()
#2 D:\www\yii\framework\web\CController.php(300): CInlineAction->runWithParams()
#3 D:\www\yii\framework\web\CController.php(278): DefaultController->runAction()
#4 D:\www\yii\framework\web\CController.php(257): DefaultController->runActionWithFilters()
#5 D:\www\yii\framework\web\CWebApplication.php(277): DefaultController->run()
#6 D:\www\yii\framework\web\CWebApplication.php(136): CWebApplication->runController()
#7 D:\www\yii\framework\base\CApplication.php(158): CWebApplication->processRequest()
#8 D:\www\web\index.php(13): CWebApplication->run()
REQUEST_URI=/web/index.php?r=admin/default/index
in D:\www\web\protected\modules\admin\controllers\DefaultController.php (9)
in D:\www\web\index.php (13)
2011/09/25 01:51:02 [error] [php] Missing argument 1 for CModule::getModule(), called in D:\www\web\protected\modules\admin\controllers\DefaultController.php on line 7 and defined (D:\www\yii\framework\base\CModule.php:253)
Stack trace:
#0 D:\www\yii\framework\web\CController.php(300): CInlineAction->runWithParams()
#1 D:\www\yii\framework\web\CController.php(278): DefaultController->runAction()
#2 D:\www\yii\framework\web\CController.php(257): DefaultController->runActionWithFilters()
#3 D:\www\yii\framework\web\CWebApplication.php(277): DefaultController->run()
#4 D:\www\yii\framework\web\CWebApplication.php(136): CWebApplication->runController()
#5 D:\www\yii\framework\base\CApplication.php(158): CWebApplication->processRequest()
#6 D:\www\web\index.php(13): CWebApplication->run()
REQUEST_URI=/web/index.php?r=admin/default/index
in D:\www\web\protected\modules\admin\controllers\DefaultController.php (7)
in D:\www\web\index.php (13)
2011/09/25 02:30:11 [error] [exception.CHttpException.404] exception 'CHttpException' with message 'Unable to resolve the request "admin/layouts".' in D:\www\yii\framework\web\CWebApplication.php:281
Stack trace:
#0 D:\www\yii\framework\web\CWebApplication.php(136): CWebApplication->runController('admin/layouts')
#1 D:\www\yii\framework\base\CApplication.php(158): CWebApplication->processRequest()
#2 D:\www\web\index.php(13): CApplication->run()
#3 {main} REQUEST_URI=/web/index.php?r=admin/layouts
2011/09/27 23:34:13 [error] [exception.CHttpException.403] exception 'CHttpException' with message 'You are not authorized to perform this action.' in D:\www\yii\framework\web\auth\CAccessControlFilter.php:158
Stack trace:
#0 D:\www\yii\framework\web\auth\CAccessControlFilter.php(120): CAccessControlFilter->accessDenied(Object(CWebUser), 'You are not aut...')
#1 D:\www\yii\framework\web\filters\CFilter.php(39): CAccessControlFilter->preFilter(Object(CFilterChain))
#2 D:\www\yii\framework\web\CController.php(1144): CFilter->filter(Object(CFilterChain))
#3 D:\www\yii\framework\web\filters\CInlineFilter.php(59): CController->filterAccessControl(Object(CFilterChain))
#4 D:\www\yii\framework\web\filters\CFilterChain.php(131): CInlineFilter->filter(Object(CFilterChain))
#5 D:\www\yii\framework\web\CController.php(283): CFilterChain->run()
#6 D:\www\yii\framework\web\CController.php(257): CController->runActionWithFilters(Object(CInlineAction), Array)
#7 D:\www\yii\framework\web\CWebApplication.php(277): CController->run('upload')
#8 D:\www\yii\framework\web\CWebApplication.php(136): CWebApplication->runController('admin/author/up...')
#9 D:\www\yii\framework\base\CApplication.php(158): CWebApplication->processRequest()
#10 D:\www\web\index.php(13): CApplication->run()
#11 {main} REQUEST_URI=/web/index.php?r=admin/author/upload&PHPSESSID=ntopgvgq86ph7r5vbo494bp4a3&YII_CSRF_TOKEN=15e58968ea3b5a81cf6b8155ab98d5c46b34e87b&qqfile=1311019139_music_grey.png
2011/09/27 23:45:51 [error] [php] include(CFile.php): failed to open stream: No such file or directory (D:\www\yii\framework\YiiBase.php:421)
Stack trace:
#0 D:\www\web\protected\modules\admin\controllers\DefaultController.php(8): spl_autoload_call()
#1 D:\www\yii\framework\web\actions\CInlineAction.php(50): DefaultController->actionIndex()
#2 D:\www\yii\framework\web\CController.php(300): CInlineAction->runWithParams()
#3 D:\www\yii\framework\web\CController.php(278): DefaultController->runAction()
#4 D:\www\yii\framework\web\CController.php(257): DefaultController->runActionWithFilters()
#5 D:\www\yii\framework\web\CWebApplication.php(277): DefaultController->run()
#6 D:\www\yii\framework\web\CWebApplication.php(136): CWebApplication->runController()
#7 D:\www\yii\framework\base\CApplication.php(158): CWebApplication->processRequest()
#8 D:\www\web\index.php(13): CWebApplication->run()
REQUEST_URI=/web/index.php?r=admin/default/index
in D:\www\web\protected\modules\admin\controllers\DefaultController.php (8)
in D:\www\web\index.php (13)
2011/09/28 00:16:33 [error] [php] in_array() expects parameter 2 to be array, string given (D:\www\yii\framework\utils\CFileHelper.php:201)
Stack trace:
#0 D:\www\yii\framework\utils\CFileHelper.php(172): findFilesRecursive()
#1 D:\www\yii\framework\utils\CFileHelper.php(172): findFilesRecursive()
#2 D:\www\yii\framework\utils\CFileHelper.php(87): findFilesRecursive()
#3 D:\www\web\protected\modules\admin\controllers\DefaultController.php(9): findFiles()
#4 D:\www\yii\framework\web\actions\CInlineAction.php(50): DefaultController->actionIndex()
#5 D:\www\yii\framework\web\CController.php(300): CInlineAction->runWithParams()
#6 D:\www\yii\framework\web\CController.php(278): DefaultController->runAction()
#7 D:\www\yii\framework\web\CController.php(257): DefaultController->runActionWithFilters()
#8 D:\www\yii\framework\web\CWebApplication.php(277): DefaultController->run()
#9 D:\www\yii\framework\web\CWebApplication.php(136): CWebApplication->runController()
#10 D:\www\yii\framework\base\CApplication.php(158): CWebApplication->processRequest()
#11 D:\www\web\index.php(13): CWebApplication->run()
REQUEST_URI=/web/index.php?r=admin/default/index
in D:\www\web\protected\modules\admin\controllers\DefaultController.php (9)
in D:\www\web\index.php (13)
2011/09/28 00:19:10 [error] [php] in_array() expects parameter 2 to be array, string given (D:\www\yii\framework\utils\CFileHelper.php:201)
Stack trace:
#0 D:\www\yii\framework\utils\CFileHelper.php(87): findFilesRecursive()
#1 D:\www\web\protected\modules\admin\controllers\DefaultController.php(13): findFiles()
#2 D:\www\yii\framework\web\actions\CInlineAction.php(50): DefaultController->actionIndex()
#3 D:\www\yii\framework\web\CController.php(300): CInlineAction->runWithParams()
#4 D:\www\yii\framework\web\CController.php(278): DefaultController->runAction()
#5 D:\www\yii\framework\web\CController.php(257): DefaultController->runActionWithFilters()
#6 D:\www\yii\framework\web\CWebApplication.php(277): DefaultController->run()
#7 D:\www\yii\framework\web\CWebApplication.php(136): CWebApplication->runController()
#8 D:\www\yii\framework\base\CApplication.php(158): CWebApplication->processRequest()
#9 D:\www\web\index.php(13): CWebApplication->run()
REQUEST_URI=/web/index.php?r=admin/default/index
in D:\www\web\protected\modules\admin\controllers\DefaultController.php (13)
in D:\www\web\index.php (13)
2011/09/28 00:29:20 [error] [php] in_array() expects parameter 2 to be array, string given (D:\www\yii\framework\utils\CFileHelper.php:201)
Stack trace:
#0 D:\www\yii\framework\utils\CFileHelper.php(172): findFilesRecursive()
#1 D:\www\yii\framework\utils\CFileHelper.php(172): findFilesRecursive()
#2 D:\www\yii\framework\utils\CFileHelper.php(87): findFilesRecursive()
#3 D:\www\web\protected\modules\admin\controllers\DefaultController.php(9): findFiles()
#4 D:\www\yii\framework\web\actions\CInlineAction.php(50): DefaultController->actionIndex()
#5 D:\www\yii\framework\web\CController.php(300): CInlineAction->runWithParams()
#6 D:\www\yii\framework\web\CController.php(278): DefaultController->runAction()
#7 D:\www\yii\framework\web\CController.php(257): DefaultController->runActionWithFilters()
#8 D:\www\yii\framework\web\CWebApplication.php(277): DefaultController->run()
#9 D:\www\yii\framework\web\CWebApplication.php(136): CWebApplication->runController()
#10 D:\www\yii\framework\base\CApplication.php(158): CWebApplication->processRequest()
#11 D:\www\web\index.php(13): CWebApplication->run()
REQUEST_URI=/web/index.php?r=admin/default/index
in D:\www\web\protected\modules\admin\controllers\DefaultController.php (9)
in D:\www\web\index.php (13)
2011/09/28 00:29:33 [error] [php] in_array() expects parameter 2 to be array, string given (D:\www\yii\framework\utils\CFileHelper.php:201)
Stack trace:
#0 D:\www\yii\framework\utils\CFileHelper.php(172): findFilesRecursive()
#1 D:\www\yii\framework\utils\CFileHelper.php(172): findFilesRecursive()
#2 D:\www\yii\framework\utils\CFileHelper.php(87): findFilesRecursive()
#3 D:\www\web\protected\modules\admin\controllers\DefaultController.php(9): findFiles()
#4 D:\www\yii\framework\web\actions\CInlineAction.php(50): DefaultController->actionIndex()
#5 D:\www\yii\framework\web\CController.php(300): CInlineAction->runWithParams()
#6 D:\www\yii\framework\web\CController.php(278): DefaultController->runAction()
#7 D:\www\yii\framework\web\CController.php(257): DefaultController->runActionWithFilters()
#8 D:\www\yii\framework\web\CWebApplication.php(277): DefaultController->run()
#9 D:\www\yii\framework\web\CWebApplication.php(136): CWebApplication->runController()
#10 D:\www\yii\framework\base\CApplication.php(158): CWebApplication->processRequest()
#11 D:\www\web\index.php(13): CWebApplication->run()
REQUEST_URI=/web/index.php?r=admin/default/index
in D:\www\web\protected\modules\admin\controllers\DefaultController.php (9)
in D:\www\web\index.php (13)
2011/09/28 00:29:36 [error] [php] in_array() expects parameter 2 to be array, string given (D:\www\yii\framework\utils\CFileHelper.php:201)
Stack trace:
#0 D:\www\yii\framework\utils\CFileHelper.php(172): findFilesRecursive()
#1 D:\www\yii\framework\utils\CFileHelper.php(172): findFilesRecursive()
#2 D:\www\yii\framework\utils\CFileHelper.php(87): findFilesRecursive()
#3 D:\www\web\protected\modules\admin\controllers\DefaultController.php(9): findFiles()
#4 D:\www\yii\framework\web\actions\CInlineAction.php(50): DefaultController->actionIndex()
#5 D:\www\yii\framework\web\CController.php(300): CInlineAction->runWithParams()
#6 D:\www\yii\framework\web\CController.php(278): DefaultController->runAction()
#7 D:\www\yii\framework\web\CController.php(257): DefaultController->runActionWithFilters()
#8 D:\www\yii\framework\web\CWebApplication.php(277): DefaultController->run()
#9 D:\www\yii\framework\web\CWebApplication.php(136): CWebApplication->runController()
#10 D:\www\yii\framework\base\CApplication.php(158): CWebApplication->processRequest()
#11 D:\www\web\index.php(13): CWebApplication->run()
REQUEST_URI=/web/index.php?r=admin/default/index
in D:\www\web\protected\modules\admin\controllers\DefaultController.php (9)
in D:\www\web\index.php (13)
2011/09/28 00:38:38 [error] [php] preg_match(): Compilation failed: nothing to repeat at offset 0 (D:\www\web\protected\extensions\file\CFile.php:866)
Stack trace:
#0 D:\www\web\protected\extensions\file\CFile.php(779): CFile->dirContents()
#1 D:\www\web\protected\modules\admin\controllers\DefaultController.php(11): CFile->getContents()
#2 D:\www\yii\framework\web\actions\CInlineAction.php(50): DefaultController->actionIndex()
#3 D:\www\yii\framework\web\CController.php(300): CInlineAction->runWithParams()
#4 D:\www\yii\framework\web\CController.php(278): DefaultController->runAction()
#5 D:\www\yii\framework\web\CController.php(257): DefaultController->runActionWithFilters()
#6 D:\www\yii\framework\web\CWebApplication.php(277): DefaultController->run()
#7 D:\www\yii\framework\web\CWebApplication.php(136): CWebApplication->runController()
#8 D:\www\yii\framework\base\CApplication.php(158): CWebApplication->processRequest()
#9 D:\www\web\index.php(13): CWebApplication->run()
REQUEST_URI=/web/index.php?r=admin/default/index
in D:\www\web\protected\extensions\file\CFile.php (866)
in D:\www\web\protected\extensions\file\CFile.php (823)
in D:\www\web\protected\extensions\file\CFile.php (779)
2011/09/28 00:54:56 [error] [php] Use of undefined constant str - assumed 'str' (D:\www\web\protected\modules\admin\controllers\DefaultController.php:11)
Stack trace:
#0 D:\www\yii\framework\web\CController.php(278): DefaultController->runAction()
#1 D:\www\yii\framework\web\CController.php(257): DefaultController->runActionWithFilters()
#2 D:\www\yii\framework\web\CWebApplication.php(277): DefaultController->run()
#3 D:\www\yii\framework\web\CWebApplication.php(136): CWebApplication->runController()
#4 D:\www\yii\framework\base\CApplication.php(158): CWebApplication->processRequest()
#5 D:\www\web\index.php(13): CWebApplication->run()
REQUEST_URI=/web/index.php?r=admin/default/index
in D:\www\web\protected\modules\admin\controllers\DefaultController.php (11)
in D:\www\web\index.php (13)
2011/09/28 01:05:21 [error] [php] preg_replace(): Delimiter must not be alphanumeric or backslash (D:\www\web\protected\modules\admin\controllers\DefaultController.php:13)
Stack trace:
#0 D:\www\yii\framework\web\CController.php(300): CInlineAction->runWithParams()
#1 D:\www\yii\framework\web\CController.php(278): DefaultController->runAction()
#2 D:\www\yii\framework\web\CController.php(257): DefaultController->runActionWithFilters()
#3 D:\www\yii\framework\web\CWebApplication.php(277): DefaultController->run()
#4 D:\www\yii\framework\web\CWebApplication.php(136): CWebApplication->runController()
#5 D:\www\yii\framework\base\CApplication.php(158): CWebApplication->processRequest()
#6 D:\www\web\index.php(13): CWebApplication->run()
REQUEST_URI=/web/index.php?r=admin/default/index
in D:\www\web\protected\modules\admin\controllers\DefaultController.php (13)
in D:\www\web\index.php (13)
2011/09/28 01:06:04 [error] [php] preg_replace(): Delimiter must not be alphanumeric or backslash (D:\www\web\protected\modules\admin\controllers\DefaultController.php:13)
Stack trace:
#0 D:\www\yii\framework\web\CController.php(300): CInlineAction->runWithParams()
#1 D:\www\yii\framework\web\CController.php(278): DefaultController->runAction()
#2 D:\www\yii\framework\web\CController.php(257): DefaultController->runActionWithFilters()
#3 D:\www\yii\framework\web\CWebApplication.php(277): DefaultController->run()
#4 D:\www\yii\framework\web\CWebApplication.php(136): CWebApplication->runController()
#5 D:\www\yii\framework\base\CApplication.php(158): CWebApplication->processRequest()
#6 D:\www\web\index.php(13): CWebApplication->run()
REQUEST_URI=/web/index.php?r=admin/default/index
in D:\www\web\protected\modules\admin\controllers\DefaultController.php (13)
in D:\www\web\index.php (13)
2011/09/28 01:06:05 [error] [php] preg_replace(): Delimiter must not be alphanumeric or backslash (D:\www\web\protected\modules\admin\controllers\DefaultController.php:13)
Stack trace:
#0 D:\www\yii\framework\web\CController.php(300): CInlineAction->runWithParams()
#1 D:\www\yii\framework\web\CController.php(278): DefaultController->runAction()
#2 D:\www\yii\framework\web\CController.php(257): DefaultController->runActionWithFilters()
#3 D:\www\yii\framework\web\CWebApplication.php(277): DefaultController->run()
#4 D:\www\yii\framework\web\CWebApplication.php(136): CWebApplication->runController()
#5 D:\www\yii\framework\base\CApplication.php(158): CWebApplication->processRequest()
#6 D:\www\web\index.php(13): CWebApplication->run()
REQUEST_URI=/web/index.php?r=admin/default/index
in D:\www\web\protected\modules\admin\controllers\DefaultController.php (13)
in D:\www\web\index.php (13)
2011/09/28 01:06:06 [error] [php] preg_replace(): Delimiter must not be alphanumeric or backslash (D:\www\web\protected\modules\admin\controllers\DefaultController.php:13)
Stack trace:
#0 D:\www\yii\framework\web\CController.php(300): CInlineAction->runWithParams()
#1 D:\www\yii\framework\web\CController.php(278): DefaultController->runAction()
#2 D:\www\yii\framework\web\CController.php(257): DefaultController->runActionWithFilters()
#3 D:\www\yii\framework\web\CWebApplication.php(277): DefaultController->run()
#4 D:\www\yii\framework\web\CWebApplication.php(136): CWebApplication->runController()
#5 D:\www\yii\framework\base\CApplication.php(158): CWebApplication->processRequest()
#6 D:\www\web\index.php(13): CWebApplication->run()
REQUEST_URI=/web/index.php?r=admin/default/index
in D:\www\web\protected\modules\admin\controllers\DefaultController.php (13)
in D:\www\web\index.php (13)
2011/09/28 01:06:06 [error] [php] preg_replace(): Delimiter must not be alphanumeric or backslash (D:\www\web\protected\modules\admin\controllers\DefaultController.php:13)
Stack trace:
#0 D:\www\yii\framework\web\CController.php(300): CInlineAction->runWithParams()
#1 D:\www\yii\framework\web\CController.php(278): DefaultController->runAction()
#2 D:\www\yii\framework\web\CController.php(257): DefaultController->runActionWithFilters()
#3 D:\www\yii\framework\web\CWebApplication.php(277): DefaultController->run()
#4 D:\www\yii\framework\web\CWebApplication.php(136): CWebApplication->runController()
#5 D:\www\yii\framework\base\CApplication.php(158): CWebApplication->processRequest()
#6 D:\www\web\index.php(13): CWebApplication->run()
REQUEST_URI=/web/index.php?r=admin/default/index
in D:\www\web\protected\modules\admin\controllers\DefaultController.php (13)
in D:\www\web\index.php (13)
2011/09/28 01:06:06 [error] [php] preg_replace(): Delimiter must not be alphanumeric or backslash (D:\www\web\protected\modules\admin\controllers\DefaultController.php:13)
Stack trace:
#0 D:\www\yii\framework\web\CController.php(300): CInlineAction->runWithParams()
#1 D:\www\yii\framework\web\CController.php(278): DefaultController->runAction()
#2 D:\www\yii\framework\web\CController.php(257): DefaultController->runActionWithFilters()
#3 D:\www\yii\framework\web\CWebApplication.php(277): DefaultController->run()
#4 D:\www\yii\framework\web\CWebApplication.php(136): CWebApplication->runController()
#5 D:\www\yii\framework\base\CApplication.php(158): CWebApplication->processRequest()
#6 D:\www\web\index.php(13): CWebApplication->run()
REQUEST_URI=/web/index.php?r=admin/default/index
in D:\www\web\protected\modules\admin\controllers\DefaultController.php (13)
in D:\www\web\index.php (13)
2011/09/28 01:06:06 [error] [php] preg_replace(): Delimiter must not be alphanumeric or backslash (D:\www\web\protected\modules\admin\controllers\DefaultController.php:13)
Stack trace:
#0 D:\www\yii\framework\web\CController.php(300): CInlineAction->runWithParams()
#1 D:\www\yii\framework\web\CController.php(278): DefaultController->runAction()
#2 D:\www\yii\framework\web\CController.php(257): DefaultController->runActionWithFilters()
#3 D:\www\yii\framework\web\CWebApplication.php(277): DefaultController->run()
#4 D:\www\yii\framework\web\CWebApplication.php(136): CWebApplication->runController()
#5 D:\www\yii\framework\base\CApplication.php(158): CWebApplication->processRequest()
#6 D:\www\web\index.php(13): CWebApplication->run()
REQUEST_URI=/web/index.php?r=admin/default/index
in D:\www\web\protected\modules\admin\controllers\DefaultController.php (13)
in D:\www\web\index.php (13)
2011/09/28 01:06:07 [error] [php] preg_replace(): Delimiter must not be alphanumeric or backslash (D:\www\web\protected\modules\admin\controllers\DefaultController.php:13)
Stack trace:
#0 D:\www\yii\framework\web\CController.php(300): CInlineAction->runWithParams()
#1 D:\www\yii\framework\web\CController.php(278): DefaultController->runAction()
#2 D:\www\yii\framework\web\CController.php(257): DefaultController->runActionWithFilters()
#3 D:\www\yii\framework\web\CWebApplication.php(277): DefaultController->run()
#4 D:\www\yii\framework\web\CWebApplication.php(136): CWebApplication->runController()
#5 D:\www\yii\framework\base\CApplication.php(158): CWebApplication->processRequest()
#6 D:\www\web\index.php(13): CWebApplication->run()
REQUEST_URI=/web/index.php?r=admin/default/index
in D:\www\web\protected\modules\admin\controllers\DefaultController.php (13)
in D:\www\web\index.php (13)
2011/09/28 01:06:07 [error] [php] preg_replace(): Delimiter must not be alphanumeric or backslash (D:\www\web\protected\modules\admin\controllers\DefaultController.php:13)
Stack trace:
#0 D:\www\yii\framework\web\CController.php(300): CInlineAction->runWithParams()
#1 D:\www\yii\framework\web\CController.php(278): DefaultController->runAction()
#2 D:\www\yii\framework\web\CController.php(257): DefaultController->runActionWithFilters()
#3 D:\www\yii\framework\web\CWebApplication.php(277): DefaultController->run()
#4 D:\www\yii\framework\web\CWebApplication.php(136): CWebApplication->runController()
#5 D:\www\yii\framework\base\CApplication.php(158): CWebApplication->processRequest()
#6 D:\www\web\index.php(13): CWebApplication->run()
REQUEST_URI=/web/index.php?r=admin/default/index
in D:\www\web\protected\modules\admin\controllers\DefaultController.php (13)
in D:\www\web\index.php (13)
2011/09/28 01:06:25 [error] [php] preg_replace(): Delimiter must not be alphanumeric or backslash (D:\www\web\protected\modules\admin\controllers\DefaultController.php:13)
Stack trace:
#0 D:\www\yii\framework\web\CController.php(300): CInlineAction->runWithParams()
#1 D:\www\yii\framework\web\CController.php(278): DefaultController->runAction()
#2 D:\www\yii\framework\web\CController.php(257): DefaultController->runActionWithFilters()
#3 D:\www\yii\framework\web\CWebApplication.php(277): DefaultController->run()
#4 D:\www\yii\framework\web\CWebApplication.php(136): CWebApplication->runController()
#5 D:\www\yii\framework\base\CApplication.php(158): CWebApplication->processRequest()
#6 D:\www\web\index.php(13): CWebApplication->run()
REQUEST_URI=/web/index.php?r=admin/default/index
in D:\www\web\protected\modules\admin\controllers\DefaultController.php (13)
in D:\www\web\index.php (13)
2011/09/28 01:06:41 [error] [php] preg_replace(): Delimiter must not be alphanumeric or backslash (D:\www\web\protected\modules\admin\controllers\DefaultController.php:13)
Stack trace:
#0 D:\www\yii\framework\web\CController.php(300): CInlineAction->runWithParams()
#1 D:\www\yii\framework\web\CController.php(278): DefaultController->runAction()
#2 D:\www\yii\framework\web\CController.php(257): DefaultController->runActionWithFilters()
#3 D:\www\yii\framework\web\CWebApplication.php(277): DefaultController->run()
#4 D:\www\yii\framework\web\CWebApplication.php(136): CWebApplication->runController()
#5 D:\www\yii\framework\base\CApplication.php(158): CWebApplication->processRequest()
#6 D:\www\web\index.php(13): CWebApplication->run()
REQUEST_URI=/web/index.php?r=admin/default/index
in D:\www\web\protected\modules\admin\controllers\DefaultController.php (13)
in D:\www\web\index.php (13)
2011/09/28 01:08:24 [error] [php] preg_replace(): Delimiter must not be alphanumeric or backslash (D:\www\web\protected\modules\admin\controllers\DefaultController.php:13)
Stack trace:
#0 D:\www\yii\framework\web\CController.php(300): CInlineAction->runWithParams()
#1 D:\www\yii\framework\web\CController.php(278): DefaultController->runAction()
#2 D:\www\yii\framework\web\CController.php(257): DefaultController->runActionWithFilters()
#3 D:\www\yii\framework\web\CWebApplication.php(277): DefaultController->run()
#4 D:\www\yii\framework\web\CWebApplication.php(136): CWebApplication->runController()
#5 D:\www\yii\framework\base\CApplication.php(158): CWebApplication->processRequest()
#6 D:\www\web\index.php(13): CWebApplication->run()
REQUEST_URI=/web/index.php?r=admin/default/index
in D:\www\web\protected\modules\admin\controllers\DefaultController.php (13)
in D:\www\web\index.php (13)
2011/09/28 01:12:49 [error] [php] preg_replace(): Delimiter must not be alphanumeric or backslash (D:\www\web\protected\modules\admin\controllers\DefaultController.php:15)
Stack trace:
#0 D:\www\yii\framework\web\CController.php(300): CInlineAction->runWithParams()
#1 D:\www\yii\framework\web\CController.php(278): DefaultController->runAction()
#2 D:\www\yii\framework\web\CController.php(257): DefaultController->runActionWithFilters()
#3 D:\www\yii\framework\web\CWebApplication.php(277): DefaultController->run()
#4 D:\www\yii\framework\web\CWebApplication.php(136): CWebApplication->runController()
#5 D:\www\yii\framework\base\CApplication.php(158): CWebApplication->processRequest()
#6 D:\www\web\index.php(13): CWebApplication->run()
REQUEST_URI=/web/index.php?r=admin/default/index
in D:\www\web\protected\modules\admin\controllers\DefaultController.php (15)
in D:\www\web\index.php (13)
2011/09/28 01:13:36 [error] [php] preg_replace(): Delimiter must not be alphanumeric or backslash (D:\www\web\protected\modules\admin\controllers\DefaultController.php:15)
Stack trace:
#0 D:\www\yii\framework\web\CController.php(300): CInlineAction->runWithParams()
#1 D:\www\yii\framework\web\CController.php(278): DefaultController->runAction()
#2 D:\www\yii\framework\web\CController.php(257): DefaultController->runActionWithFilters()
#3 D:\www\yii\framework\web\CWebApplication.php(277): DefaultController->run()
#4 D:\www\yii\framework\web\CWebApplication.php(136): CWebApplication->runController()
#5 D:\www\yii\framework\base\CApplication.php(158): CWebApplication->processRequest()
#6 D:\www\web\index.php(13): CWebApplication->run()
REQUEST_URI=/web/index.php?r=admin/default/index
in D:\www\web\protected\modules\admin\controllers\DefaultController.php (15)
in D:\www\web\index.php (13)
2011/09/28 01:15:24 [error] [php] preg_replace(): Delimiter must not be alphanumeric or backslash (D:\www\web\protected\modules\admin\controllers\DefaultController.php:15)
Stack trace:
#0 D:\www\yii\framework\web\CController.php(300): CInlineAction->runWithParams()
#1 D:\www\yii\framework\web\CController.php(278): DefaultController->runAction()
#2 D:\www\yii\framework\web\CController.php(257): DefaultController->runActionWithFilters()
#3 D:\www\yii\framework\web\CWebApplication.php(277): DefaultController->run()
#4 D:\www\yii\framework\web\CWebApplication.php(136): CWebApplication->runController()
#5 D:\www\yii\framework\base\CApplication.php(158): CWebApplication->processRequest()
#6 D:\www\web\index.php(13): CWebApplication->run()
REQUEST_URI=/web/index.php?r=admin/default/index
in D:\www\web\protected\modules\admin\controllers\DefaultController.php (15)
in D:\www\web\index.php (13)
2011/09/28 01:18:02 [error] [php] preg_replace(): Delimiter must not be alphanumeric or backslash (D:\www\web\protected\modules\admin\controllers\DefaultController.php:15)
Stack trace:
#0 D:\www\yii\framework\web\CController.php(300): CInlineAction->runWithParams()
#1 D:\www\yii\framework\web\CController.php(278): DefaultController->runAction()
#2 D:\www\yii\framework\web\CController.php(257): DefaultController->runActionWithFilters()
#3 D:\www\yii\framework\web\CWebApplication.php(277): DefaultController->run()
#4 D:\www\yii\framework\web\CWebApplication.php(136): CWebApplication->runController()
#5 D:\www\yii\framework\base\CApplication.php(158): CWebApplication->processRequest()
#6 D:\www\web\index.php(13): CWebApplication->run()
REQUEST_URI=/web/index.php?r=admin/default/index
in D:\www\web\protected\modules\admin\controllers\DefaultController.php (15)
in D:\www\web\index.php (13)
2011/09/28 01:18:47 [error] [php] preg_replace(): Delimiter must not be alphanumeric or backslash (D:\www\web\protected\modules\admin\controllers\DefaultController.php:15)
Stack trace:
#0 D:\www\yii\framework\web\CController.php(300): CInlineAction->runWithParams()
#1 D:\www\yii\framework\web\CController.php(278): DefaultController->runAction()
#2 D:\www\yii\framework\web\CController.php(257): DefaultController->runActionWithFilters()
#3 D:\www\yii\framework\web\CWebApplication.php(277): DefaultController->run()
#4 D:\www\yii\framework\web\CWebApplication.php(136): CWebApplication->runController()
#5 D:\www\yii\framework\base\CApplication.php(158): CWebApplication->processRequest()
#6 D:\www\web\index.php(13): CWebApplication->run()
REQUEST_URI=/web/index.php?r=admin/default/index
in D:\www\web\protected\modules\admin\controllers\DefaultController.php (15)
in D:\www\web\index.php (13)
2011/09/28 01:21:56 [error] [php] preg_replace(): No ending delimiter '/' found (D:\www\web\protected\modules\admin\controllers\DefaultController.php:16)
Stack trace:
#0 D:\www\yii\framework\web\CController.php(300): CInlineAction->runWithParams()
#1 D:\www\yii\framework\web\CController.php(278): DefaultController->runAction()
#2 D:\www\yii\framework\web\CController.php(257): DefaultController->runActionWithFilters()
#3 D:\www\yii\framework\web\CWebApplication.php(277): DefaultController->run()
#4 D:\www\yii\framework\web\CWebApplication.php(136): CWebApplication->runController()
#5 D:\www\yii\framework\base\CApplication.php(158): CWebApplication->processRequest()
#6 D:\www\web\index.php(13): CWebApplication->run()
REQUEST_URI=/web/index.php?r=admin/default/index
in D:\www\web\protected\modules\admin\controllers\DefaultController.php (16)
in D:\www\web\index.php (13)
2011/09/28 01:22:51 [error] [php] preg_replace(): No ending delimiter '/' found (D:\www\web\protected\modules\admin\controllers\DefaultController.php:17)
Stack trace:
#0 D:\www\yii\framework\web\CController.php(300): CInlineAction->runWithParams()
#1 D:\www\yii\framework\web\CController.php(278): DefaultController->runAction()
#2 D:\www\yii\framework\web\CController.php(257): DefaultController->runActionWithFilters()
#3 D:\www\yii\framework\web\CWebApplication.php(277): DefaultController->run()
#4 D:\www\yii\framework\web\CWebApplication.php(136): CWebApplication->runController()
#5 D:\www\yii\framework\base\CApplication.php(158): CWebApplication->processRequest()
#6 D:\www\web\index.php(13): CWebApplication->run()
REQUEST_URI=/web/index.php?r=admin/default/index
in D:\www\web\protected\modules\admin\controllers\DefaultController.php (17)
in D:\www\web\index.php (13)
2011/09/28 01:24:16 [error] [php] preg_replace(): No ending delimiter '/' found (D:\www\web\protected\modules\admin\controllers\DefaultController.php:17)
Stack trace:
#0 D:\www\yii\framework\web\CController.php(300): CInlineAction->runWithParams()
#1 D:\www\yii\framework\web\CController.php(278): DefaultController->runAction()
#2 D:\www\yii\framework\web\CController.php(257): DefaultController->runActionWithFilters()
#3 D:\www\yii\framework\web\CWebApplication.php(277): DefaultController->run()
#4 D:\www\yii\framework\web\CWebApplication.php(136): CWebApplication->runController()
#5 D:\www\yii\framework\base\CApplication.php(158): CWebApplication->processRequest()
#6 D:\www\web\index.php(13): CWebApplication->run()
REQUEST_URI=/web/index.php?r=admin/default/index
in D:\www\web\protected\modules\admin\controllers\DefaultController.php (17)
in D:\www\web\index.php (13)
2011/09/28 01:31:20 [error] [php] preg_replace(): Delimiter must not be alphanumeric or backslash (D:\www\web\protected\modules\admin\controllers\DefaultController.php:15)
Stack trace:
#0 D:\www\yii\framework\web\CController.php(300): CInlineAction->runWithParams()
#1 D:\www\yii\framework\web\CController.php(278): DefaultController->runAction()
#2 D:\www\yii\framework\web\CController.php(257): DefaultController->runActionWithFilters()
#3 D:\www\yii\framework\web\CWebApplication.php(277): DefaultController->run()
#4 D:\www\yii\framework\web\CWebApplication.php(136): CWebApplication->runController()
#5 D:\www\yii\framework\base\CApplication.php(158): CWebApplication->processRequest()
#6 D:\www\web\index.php(13): CWebApplication->run()
REQUEST_URI=/web/index.php?r=admin/default/index
in D:\www\web\protected\modules\admin\controllers\DefaultController.php (15)
in D:\www\web\index.php (13)
2011/09/28 01:34:46 [error] [php] preg_replace(): Delimiter must not be alphanumeric or backslash (D:\www\web\protected\modules\admin\controllers\DefaultController.php:15)
Stack trace:
#0 D:\www\yii\framework\web\CController.php(300): CInlineAction->runWithParams()
#1 D:\www\yii\framework\web\CController.php(278): DefaultController->runAction()
#2 D:\www\yii\framework\web\CController.php(257): DefaultController->runActionWithFilters()
#3 D:\www\yii\framework\web\CWebApplication.php(277): DefaultController->run()
#4 D:\www\yii\framework\web\CWebApplication.php(136): CWebApplication->runController()
#5 D:\www\yii\framework\base\CApplication.php(158): CWebApplication->processRequest()
#6 D:\www\web\index.php(13): CWebApplication->run()
REQUEST_URI=/web/index.php?r=admin/default/index
in D:\www\web\protected\modules\admin\controllers\DefaultController.php (15)
in D:\www\web\index.php (13)
2011/09/28 01:36:25 [error] [php] preg_replace(): Delimiter must not be alphanumeric or backslash (D:\www\web\protected\modules\admin\controllers\DefaultController.php:15)
Stack trace:
#0 D:\www\yii\framework\web\CController.php(300): CInlineAction->runWithParams()
#1 D:\www\yii\framework\web\CController.php(278): DefaultController->runAction()
#2 D:\www\yii\framework\web\CController.php(257): DefaultController->runActionWithFilters()
#3 D:\www\yii\framework\web\CWebApplication.php(277): DefaultController->run()
#4 D:\www\yii\framework\web\CWebApplication.php(136): CWebApplication->runController()
#5 D:\www\yii\framework\base\CApplication.php(158): CWebApplication->processRequest()
#6 D:\www\web\index.php(13): CWebApplication->run()
REQUEST_URI=/web/index.php?r=admin/default/index
in D:\www\web\protected\modules\admin\controllers\DefaultController.php (15)
in D:\www\web\index.php (13)
2011/09/28 01:37:16 [error] [php] preg_replace(): No ending delimiter ''' found (D:\www\web\protected\modules\admin\controllers\DefaultController.php:15)
Stack trace:
#0 D:\www\yii\framework\web\CController.php(300): CInlineAction->runWithParams()
#1 D:\www\yii\framework\web\CController.php(278): DefaultController->runAction()
#2 D:\www\yii\framework\web\CController.php(257): DefaultController->runActionWithFilters()
#3 D:\www\yii\framework\web\CWebApplication.php(277): DefaultController->run()
#4 D:\www\yii\framework\web\CWebApplication.php(136): CWebApplication->runController()
#5 D:\www\yii\framework\base\CApplication.php(158): CWebApplication->processRequest()
#6 D:\www\web\index.php(13): CWebApplication->run()
REQUEST_URI=/web/index.php?r=admin/default/index
in D:\www\web\protected\modules\admin\controllers\DefaultController.php (15)
in D:\www\web\index.php (13)
2011/09/28 01:38:23 [error] [php] preg_replace(): Delimiter must not be alphanumeric or backslash (D:\www\web\protected\modules\admin\controllers\DefaultController.php:15)
Stack trace:
#0 D:\www\yii\framework\web\CController.php(300): CInlineAction->runWithParams()
#1 D:\www\yii\framework\web\CController.php(278): DefaultController->runAction()
#2 D:\www\yii\framework\web\CController.php(257): DefaultController->runActionWithFilters()
#3 D:\www\yii\framework\web\CWebApplication.php(277): DefaultController->run()
#4 D:\www\yii\framework\web\CWebApplication.php(136): CWebApplication->runController()
#5 D:\www\yii\framework\base\CApplication.php(158): CWebApplication->processRequest()
#6 D:\www\web\index.php(13): CWebApplication->run()
REQUEST_URI=/web/index.php?r=admin/default/index
in D:\www\web\protected\modules\admin\controllers\DefaultController.php (15)
in D:\www\web\index.php (13)
2011/09/28 01:38:34 [error] [php] preg_replace(): No ending delimiter '$' found (D:\www\web\protected\modules\admin\controllers\DefaultController.php:15)
Stack trace:
#0 D:\www\yii\framework\web\CController.php(300): CInlineAction->runWithParams()
#1 D:\www\yii\framework\web\CController.php(278): DefaultController->runAction()
#2 D:\www\yii\framework\web\CController.php(257): DefaultController->runActionWithFilters()
#3 D:\www\yii\framework\web\CWebApplication.php(277): DefaultController->run()
#4 D:\www\yii\framework\web\CWebApplication.php(136): CWebApplication->runController()
#5 D:\www\yii\framework\base\CApplication.php(158): CWebApplication->processRequest()
#6 D:\www\web\index.php(13): CWebApplication->run()
REQUEST_URI=/web/index.php?r=admin/default/index
in D:\www\web\protected\modules\admin\controllers\DefaultController.php (15)
in D:\www\web\index.php (13)
2011/09/28 01:39:04 [error] [php] preg_replace(): Delimiter must not be alphanumeric or backslash (D:\www\web\protected\modules\admin\controllers\DefaultController.php:15)
Stack trace:
#0 D:\www\yii\framework\web\CController.php(300): CInlineAction->runWithParams()
#1 D:\www\yii\framework\web\CController.php(278): DefaultController->runAction()
#2 D:\www\yii\framework\web\CController.php(257): DefaultController->runActionWithFilters()
#3 D:\www\yii\framework\web\CWebApplication.php(277): DefaultController->run()
#4 D:\www\yii\framework\web\CWebApplication.php(136): CWebApplication->runController()
#5 D:\www\yii\framework\base\CApplication.php(158): CWebApplication->processRequest()
#6 D:\www\web\index.php(13): CWebApplication->run()
REQUEST_URI=/web/index.php?r=admin/default/index
in D:\www\web\protected\modules\admin\controllers\DefaultController.php (15)
in D:\www\web\index.php (13)
2011/09/28 02:05:35 [error] [php] Undefined variable: pathControllers (D:\www\web\protected\modules\admin\controllers\DefaultController.php:13)
Stack trace:
#0 D:\www\yii\framework\web\CController.php(278): DefaultController->runAction()
#1 D:\www\yii\framework\web\CController.php(257): DefaultController->runActionWithFilters()
#2 D:\www\yii\framework\web\CWebApplication.php(277): DefaultController->run()
#3 D:\www\yii\framework\web\CWebApplication.php(136): CWebApplication->runController()
#4 D:\www\yii\framework\base\CApplication.php(158): CWebApplication->processRequest()
#5 D:\www\web\index.php(13): CWebApplication->run()
REQUEST_URI=/web/index.php?r=admin/default/index
in D:\www\web\protected\modules\admin\controllers\DefaultController.php (13)
in D:\www\web\index.php (13)
2011/09/28 02:06:55 [error] [php] Undefined variable: pathControllers (D:\www\web\protected\modules\admin\controllers\DefaultController.php:13)
Stack trace:
#0 D:\www\yii\framework\web\CController.php(278): DefaultController->runAction()
#1 D:\www\yii\framework\web\CController.php(257): DefaultController->runActionWithFilters()
#2 D:\www\yii\framework\web\CWebApplication.php(277): DefaultController->run()
#3 D:\www\yii\framework\web\CWebApplication.php(136): CWebApplication->runController()
#4 D:\www\yii\framework\base\CApplication.php(158): CWebApplication->processRequest()
#5 D:\www\web\index.php(13): CWebApplication->run()
REQUEST_URI=/web/index.php?r=admin/default/index
in D:\www\web\protected\modules\admin\controllers\DefaultController.php (13)
in D:\www\web\index.php (13)
2011/09/28 02:22:09 [error] [php] Undefined variable: pathControllers (D:\www\web\protected\modules\admin\controllers\DefaultController.php:10)
Stack trace:
#0 D:\www\yii\framework\web\CController.php(278): DefaultController->runAction()
#1 D:\www\yii\framework\web\CController.php(257): DefaultController->runActionWithFilters()
#2 D:\www\yii\framework\web\CWebApplication.php(277): DefaultController->run()
#3 D:\www\yii\framework\web\CWebApplication.php(136): CWebApplication->runController()
#4 D:\www\yii\framework\base\CApplication.php(158): CWebApplication->processRequest()
#5 D:\www\web\index.php(13): CWebApplication->run()
REQUEST_URI=/web/index.php?r=admin/default/index
in D:\www\web\protected\modules\admin\controllers\DefaultController.php (10)
in D:\www\web\index.php (13)
2011/09/28 02:42:13 [error] [php] Invalid argument supplied for foreach() (D:\www\yii\framework\zii\widgets\CMenu.php:246)
Stack trace:
#0 D:\www\yii\framework\web\CBaseController.php(165): DefaultController->createWidget()
#1 D:\www\web\protected\modules\admin\views\default\index.php(22): DefaultController->widget()
#2 D:\www\yii\framework\web\CBaseController.php(119): require()
#3 D:\www\yii\framework\web\CBaseController.php(88): DefaultController->renderInternal()
#4 D:\www\yii\framework\web\CController.php(866): DefaultController->renderFile()
#5 D:\www\yii\framework\web\CController.php(779): DefaultController->renderPartial()
#6 D:\www\web\protected\modules\admin\controllers\DefaultController.php(12): DefaultController->render()
#7 D:\www\yii\framework\web\actions\CInlineAction.php(50): DefaultController->actionIndex()
#8 D:\www\yii\framework\web\CController.php(300): CInlineAction->runWithParams()
#9 D:\www\yii\framework\web\CController.php(278): DefaultController->runAction()
#10 D:\www\yii\framework\web\CController.php(257): DefaultController->runActionWithFilters()
#11 D:\www\yii\framework\web\CWebApplication.php(277): DefaultController->run()
#12 D:\www\yii\framework\web\CWebApplication.php(136): CWebApplication->runController()
#13 D:\www\yii\framework\base\CApplication.php(158): CWebApplication->processRequest()
#14 D:\www\web\index.php(13): CWebApplication->run()
REQUEST_URI=/web/index.php?r=admin/Default/index
in D:\www\web\protected\modules\admin\views\default\index.php (22)
in D:\www\web\protected\modules\admin\controllers\DefaultController.php (12)
in D:\www\web\index.php (13)
2011/09/28 02:59:44 [error] [php] Trying to get property of non-object (D:\www\web\protected\views\site\index.php:3)
Stack trace:
#0 D:\www\yii\framework\web\CController.php(866): SiteController->renderFile()
#1 D:\www\yii\framework\web\CController.php(779): SiteController->renderPartial()
#2 D:\www\web\protected\controllers\SiteController.php(32): SiteController->render()
#3 D:\www\yii\framework\web\actions\CInlineAction.php(50): SiteController->actionIndex()
#4 D:\www\yii\framework\web\CController.php(300): CInlineAction->runWithParams()
#5 D:\www\yii\framework\web\CController.php(278): SiteController->runAction()
#6 D:\www\yii\framework\web\CController.php(257): SiteController->runActionWithFilters()
#7 D:\www\yii\framework\web\CWebApplication.php(277): SiteController->run()
#8 D:\www\yii\framework\web\CWebApplication.php(136): CWebApplication->runController()
#9 D:\www\yii\framework\base\CApplication.php(158): CWebApplication->processRequest()
#10 D:\www\web\index.php(13): CWebApplication->run()
REQUEST_URI=/web/index.php?r=site/index
in D:\www\web\protected\views\site\index.php (3)
in D:\www\web\protected\controllers\SiteController.php (32)
in D:\www\web\index.php (13)
